Using pre-set license
Built from '2021.3/china_unity/release' branch; Version is '2021.3.20f1c1 (7cf0fbd73406) revision 8188155'; Using compiler version '192829333'; Build Type 'Release'
OS: 'Windows 11  (10.0.22621) 64bit CoreCountrySpecific' Language: 'zh' Physical Memory: 15613 MB
BatchMode: 1, IsHumanControllingUs: 0, StartBugReporterOnCrash: 0, Is64bit: 1, IsPro: 1

COMMAND LINE ARGUMENTS:
D:\Unity\2021.3.20f1c1\Editor\Unity.exe
-adb2
-batchMode
-noUpm
-name
AssetImportWorker6
-projectPath
D:/UnityProject/MyRogue/TheOne/The-One
-logFile
Logs/AssetImportWorker6.log
-srvPort
50338
Successfully changed project path to: D:/UnityProject/MyRogue/TheOne/The-One
D:/UnityProject/MyRogue/TheOne/The-One
[UnityMemory] Configuration Parameters - Can be set up in boot.config
    "memorysetup-bucket-allocator-granularity=16"
    "memorysetup-bucket-allocator-bucket-count=8"
    "memorysetup-bucket-allocator-block-size=33554432"
    "memorysetup-bucket-allocator-block-count=8"
    "memorysetup-main-allocator-block-size=16777216"
    "memorysetup-thread-allocator-block-size=16777216"
    "memorysetup-gfx-main-allocator-block-size=16777216"
    "memorysetup-gfx-thread-allocator-block-size=16777216"
    "memorysetup-cache-allocator-block-size=4194304"
    "memorysetup-typetree-allocator-block-size=2097152"
    "memorysetup-profiler-bucket-allocator-granularity=16"
    "memorysetup-profiler-bucket-allocator-bucket-count=8"
    "memorysetup-profiler-bucket-allocator-block-size=33554432"
    "memorysetup-profiler-bucket-allocator-block-count=8"
    "memorysetup-profiler-allocator-block-size=16777216"
    "memorysetup-profiler-editor-allocator-block-size=1048576"
    "memorysetup-temp-allocator-size-main=16777216"
    "memorysetup-job-temp-allocator-block-size=2097152"
    "memorysetup-job-temp-allocator-block-size-background=1048576"
    "memorysetup-job-temp-allocator-reduction-small-platforms=262144"
    "memorysetup-temp-allocator-size-background-worker=32768"
    "memorysetup-temp-allocator-size-job-worker=262144"
    "memorysetup-temp-allocator-size-preload-manager=33554432"
    "memorysetup-temp-allocator-size-nav-mesh-worker=65536"
    "memorysetup-temp-allocator-size-audio-worker=65536"
    "memorysetup-temp-allocator-size-cloud-worker=32768"
    "memorysetup-temp-allocator-size-gi-baking-worker=262144"
    "memorysetup-temp-allocator-size-gfx=262144"
Player connection [11748] Host "[IP] 192.168.1.102 [Port] 0 [Flags] 2 [Guid] 1144500299 [EditorId] 1144500299 [Version] 1048832 [Id] WindowsEditor(7,LAPTOP-8DM3D3MQ) [Debug] 1 [PackageName] WindowsEditor [ProjectName] Editor" joined multi-casting on [225.0.0.222:54997]...

Player connection [11748] Host "[IP] 192.168.1.102 [Port] 0 [Flags] 2 [Guid] 1144500299 [EditorId] 1144500299 [Version] 1048832 [Id] WindowsEditor(7,LAPTOP-8DM3D3MQ) [Debug] 1 [PackageName] WindowsEditor [ProjectName] Editor" joined alternative multi-casting on [225.0.0.222:34997]...

AS: AutoStreaming module initializing.
Refreshing native plugins compatible for Editor in 183.84 ms, found 3 plugins.
Preloading 0 native plugins for Editor in 0.00 ms.
Initialize engine version: 2021.3.20f1c1 (7cf0fbd73406)
[Subsystems] Discovering subsystems at path D:/Unity/2021.3.20f1c1/Editor/Data/Resources/UnitySubsystems
[Subsystems] Discovering subsystems at path D:/UnityProject/MyRogue/TheOne/The-One/Assets
GfxDevice: creating device client; threaded=0; jobified=0
Direct3D:
    Version:  Direct3D 11.0 [level 11.1]
    Renderer: NVIDIA GeForce RTX 3060 Laptop GPU (ID=0x2520)
    Vendor:   NVIDIA
    VRAM:     6010 MB
    Driver:   31.0.15.4628
Initialize mono
Mono path[0] = 'D:/Unity/2021.3.20f1c1/Editor/Data/Managed'
Mono path[1] = 'D:/Unity/2021.3.20f1c1/Editor/Data/MonoBleedingEdge/lib/mono/unityjit-win32'
Mono config path = 'D:/Unity/2021.3.20f1c1/Editor/Data/MonoBleedingEdge/etc'
Using monoOptions --debugger-agent=transport=dt_socket,embedding=1,server=y,suspend=n,address=127.0.0.1:56032
Begin MonoManager ReloadAssembly
Registering precompiled unity dll's ...
Register platform support module: D:/Unity/2021.3.20f1c1/Editor/Data/PlaybackEngines/WindowsStandaloneSupport/UnityEditor.WindowsStandalone.Extensions.dll
Registered in 0.014195 seconds.
Native extension for WindowsStandalone target not found
Refreshing native plugins compatible for Editor in 139.80 ms, found 3 plugins.
Preloading 0 native plugins for Editor in 0.00 ms.
Mono: successfully reloaded assembly
- Completed reload, in  0.831 seconds
Domain Reload Profiling:
	ReloadAssembly (831ms)
		BeginReloadAssembly (137ms)
			ExecutionOrderSort (0ms)
			DisableScriptedObjects (0ms)
			BackupInstance (0ms)
			ReleaseScriptingObjects (0ms)
			CreateAndSetChildDomain (1ms)
		EndReloadAssembly (545ms)
			LoadAssemblies (125ms)
			RebuildTransferFunctionScriptingTraits (0ms)
			SetupTypeCache (114ms)
			ReleaseScriptCaches (0ms)
			RebuildScriptCaches (25ms)
			SetupLoadedEditorAssemblies (314ms)
				LogAssemblyErrors (0ms)
				InitializePlatformSupportModulesInManaged (9ms)
				SetLoadedEditorAssemblies (0ms)
				RefreshPlugins (140ms)
				BeforeProcessingInitializeOnLoad (2ms)
				ProcessInitializeOnLoadAttributes (121ms)
				ProcessInitializeOnLoadMethodAttributes (42ms)
				AfterProcessingInitializeOnLoad (0ms)
				EditorAssembliesLoaded (0ms)
			ExecutionOrderSort2 (0ms)
			AwakeInstancesAfterBackupRestoration (0ms)
Platform modules already initialized, skipping
Registering precompiled user dll's ...
Registered in 0.048775 seconds.
Begin MonoManager ReloadAssembly
Symbol file LoadedFromMemory doesn't match image D:\UnityProject\MyRogue\TheOne\The-One\Library\PackageCache\com.unity.visualscripting@1.8.0\Editor\VisualScripting.Core\Dependencies\YamlDotNet\Unity.VisualScripting.YamlDotNet.dll
Symbol file LoadedFromMemory doesn't match image D:\UnityProject\MyRogue\TheOne\The-One\Library\PackageCache\com.unity.visualscripting@1.8.0\Editor\VisualScripting.Core\Dependencies\DotNetZip\Unity.VisualScripting.IonicZip.dll
Native extension for WindowsStandalone target not found
Refreshing native plugins compatible for Editor in 137.96 ms, found 3 plugins.
Preloading 0 native plugins for Editor in 0.00 ms.
Mono: successfully reloaded assembly
- Completed reload, in  7.016 seconds
Domain Reload Profiling:
	ReloadAssembly (7017ms)
		BeginReloadAssembly (207ms)
			ExecutionOrderSort (0ms)
			DisableScriptedObjects (5ms)
			BackupInstance (0ms)
			ReleaseScriptingObjects (0ms)
			CreateAndSetChildDomain (20ms)
		EndReloadAssembly (2523ms)
			LoadAssemblies (576ms)
			RebuildTransferFunctionScriptingTraits (0ms)
			SetupTypeCache (720ms)
			ReleaseScriptCaches (1ms)
			RebuildScriptCaches (62ms)
			SetupLoadedEditorAssemblies (1144ms)
				LogAssemblyErrors (0ms)
				InitializePlatformSupportModulesInManaged (7ms)
				SetLoadedEditorAssemblies (0ms)
				RefreshPlugins (138ms)
				BeforeProcessingInitializeOnLoad (179ms)
				ProcessInitializeOnLoadAttributes (716ms)
				ProcessInitializeOnLoadMethodAttributes (54ms)
				AfterProcessingInitializeOnLoad (49ms)
				EditorAssembliesLoaded (0ms)
			ExecutionOrderSort2 (0ms)
			AwakeInstancesAfterBackupRestoration (8ms)
Platform modules already initialized, skipping
========================================================================
Worker process is ready to serve import requests
Launched and connected shader compiler UnityShaderCompiler.exe after 0.11 seconds
Refreshing native plugins compatible for Editor in 1.98 ms, found 3 plugins.
Preloading 0 native plugins for Editor in 0.00 ms.
Unloading 5735 Unused Serialized files (Serialized files now loaded: 0)
Unloading 59 unused Assets / (501.1 KB). Loaded Objects now: 6206.
Memory consumption went from 247.6 MB to 247.1 MB.
Total: 4.476700 ms (FindLiveObjects: 0.495800 ms CreateObjectMapping: 0.216100 ms MarkObjects: 3.479500 ms  DeleteObjects: 0.284100 ms)

AssetImportParameters requested are different than current active one (requested -> active):
  custom:video-decoder-ogg-theora: a1e56fd34408186e4bbccfd4996cb3dc -> 
  custom:container-muxer-webm: aa71ff27fc2769a1b78a27578f13a17b -> 
  custom:container-demuxer-webm: 4f35f7cbe854078d1ac9338744f61a02 -> 
  custom:video-encoder-webm-vp8: eb34c28f22e8b96e1ab97ce403110664 -> 
  custom:video-codec-MediaFoundation-h265: 746d11721c4dcdbdad8f713fa42b33f4 -> 
  custom:audio-encoder-webm-vorbis: bf7c407c2cedff20999df2af8eb42d56 -> 
  custom:framework-win-MediaFoundation: 216162199b28c13a410421893ffa2e32 -> 
  custom:container-demuxer-ogg: 62fdf1f143b41e24485cea50d1cbac27 -> 
  custom:video-decoder-webm-vp8: 9c59270c3fd7afecdb556c50c9e8de78 -> 
  custom:audio-decoder-ogg-vorbis: bf7c407c2cedff20999df2af8eb42d56 -> 
========================================================================
Received Import Request.
  Time since last request: 178386.259891 seconds.
  path: Assets/GUIPack-Clean&Minimalist/Sprites/Buttons/Basic/Filled/PSD/Purple-Button.psd
  artifactKey: Guid(6d837fd41df45437995f96d61e1e01bb) Importer(815301076,1909f56bfc062723c751e8b465ee728b)
Start importing Assets/GUIPack-Clean&Minimalist/Sprites/Buttons/Basic/Filled/PSD/Purple-Button.psd using Guid(6d837fd41df45437995f96d61e1e01bb) Importer(815301076,1909f56bfc062723c751e8b465ee728b)  -> (artifact id: '144c236e4deb27fb85a038fbe14c11e9') in 0.167654 seconds 
========================================================================
Received Import Request.
  Time since last request: 0.000049 seconds.
  path: Assets/GUIPack-Clean&Minimalist/Sprites/Progress-Bars/Squares/Progress-Bar-Purple.png
  artifactKey: Guid(22d5fae1e1b694a1a85c0395b01d793d) Importer(815301076,1909f56bfc062723c751e8b465ee728b)
Start importing Assets/GUIPack-Clean&Minimalist/Sprites/Progress-Bars/Squares/Progress-Bar-Purple.png using Guid(22d5fae1e1b694a1a85c0395b01d793d) Importer(815301076,1909f56bfc062723c751e8b465ee728b)  -> (artifact id: '5f724b32c6bf450a68ad2c5cc449f16d') in 0.077656 seconds 
========================================================================
Received Import Request.
  Time since last request: 0.000038 seconds.
  path: Assets/StylizedFantasyElementalsPack/URP/UniversalRenderPipelineAsset.asset
  artifactKey: Guid(ed835404db760e0408c5a60552b9444d) Importer(815301076,1909f56bfc062723c751e8b465ee728b)
Start importing Assets/StylizedFantasyElementalsPack/URP/UniversalRenderPipelineAsset.asset using Guid(ed835404db760e0408c5a60552b9444d) Importer(815301076,1909f56bfc062723c751e8b465ee728b)  -> (artifact id: '7f5cb6f131252ed0c44287b579b2a464') in 0.018911 seconds 
========================================================================
Received Import Request.
  Time since last request: 0.000043 seconds.
  path: Assets/GUIPack-Clean&Minimalist/Sprites/Progress-Bars/Rounded-Corner/Progress-Bar-Corner-Purple.png
  artifactKey: Guid(056e3c7321be0409299c28f12bf5758c) Importer(815301076,1909f56bfc062723c751e8b465ee728b)
Start importing Assets/GUIPack-Clean&Minimalist/Sprites/Progress-Bars/Rounded-Corner/Progress-Bar-Corner-Purple.png using Guid(056e3c7321be0409299c28f12bf5758c) Importer(815301076,1909f56bfc062723c751e8b465ee728b)  -> (artifact id: 'b092356c04de1a898c1fa42df3af70ce') in 0.035271 seconds 
========================================================================
Received Import Request.
  Time since last request: 0.000032 seconds.
  path: Assets/GUIPack-Clean&Minimalist/Sprites/Buttons/Rounded/Outline/PSD/Blue-Button-Rounded-Outline.psd
  artifactKey: Guid(27721c233aff646d9a9dfa29b3a52036) Importer(815301076,1909f56bfc062723c751e8b465ee728b)
Start importing Assets/GUIPack-Clean&Minimalist/Sprites/Buttons/Rounded/Outline/PSD/Blue-Button-Rounded-Outline.psd using Guid(27721c233aff646d9a9dfa29b3a52036) Importer(815301076,1909f56bfc062723c751e8b465ee728b)  -> (artifact id: '2b3605bc72d087105c3568c75f9152e2') in 0.035759 seconds 
========================================================================
Received Import Request.
  Time since last request: 0.000027 seconds.
  path: Assets/GUIPack-Clean&Minimalist/Sprites/Buttons/Rounded/Filled/PSD/Blue-Button-Rounded.psd
  artifactKey: Guid(eca76907420c34e5aa40e0fec6a6f04b) Importer(815301076,1909f56bfc062723c751e8b465ee728b)
Start importing Assets/GUIPack-Clean&Minimalist/Sprites/Buttons/Rounded/Filled/PSD/Blue-Button-Rounded.psd using Guid(eca76907420c34e5aa40e0fec6a6f04b) Importer(815301076,1909f56bfc062723c751e8b465ee728b)  -> (artifact id: '04248485629e68f1ddb5fa161899f949') in 0.031652 seconds 
========================================================================
Received Import Request.
  Time since last request: 0.000029 seconds.
  path: Assets/StylizedFantasyElementalsPack/Materials/LavaElemental/M_LavaElemental_Purple.mat
  artifactKey: Guid(dd8389026cfd29b47bcfdcc776ea3d19) Importer(815301076,1909f56bfc062723c751e8b465ee728b)
Start importing Assets/StylizedFantasyElementalsPack/Materials/LavaElemental/M_LavaElemental_Purple.mat using Guid(dd8389026cfd29b47bcfdcc776ea3d19) Importer(815301076,1909f56bfc062723c751e8b465ee728b)  -> (artifact id: '6dd8525e05f2462cec588744f9df74ce') in 0.239495 seconds 
========================================================================
Received Import Request.
  Time since last request: 910.794107 seconds.
  path: Assets/Resources/FOV/Material/Ground.mat
  artifactKey: Guid(e543632fcfeb8244e9a4b6dcc72d0564) Importer(815301076,1909f56bfc062723c751e8b465ee728b)
Start importing Assets/Resources/FOV/Material/Ground.mat using Guid(e543632fcfeb8244e9a4b6dcc72d0564) Importer(815301076,1909f56bfc062723c751e8b465ee728b)  -> (artifact id: 'c49a5a02f748b450c082e796b3339f17') in 0.034311 seconds 
========================================================================
Received Import Request.
  Time since last request: 0.000028 seconds.
  path: Assets/Resources/FOV/Material/ProjectorFog.mat
  artifactKey: Guid(2e5bd4d97356d1749bc4c9d445a5e15b) Importer(815301076,1909f56bfc062723c751e8b465ee728b)
Start importing Assets/Resources/FOV/Material/ProjectorFog.mat using Guid(2e5bd4d97356d1749bc4c9d445a5e15b) Importer(815301076,1909f56bfc062723c751e8b465ee728b)  -> (artifact id: 'fa3c9b1fae0f69b968b4c12c17cd6886') in 0.026452 seconds 
========================================================================
Received Import Request.
  Time since last request: 19.303577 seconds.
  path: Assets/StylizedFantasyElementalsPack/Materials/AirElemental/M_AirElemental_Armor_Storm.mat
  artifactKey: Guid(92d348e1c12062b46afd1bc2eff9ec42) Importer(815301076,1909f56bfc062723c751e8b465ee728b)
Start importing Assets/StylizedFantasyElementalsPack/Materials/AirElemental/M_AirElemental_Armor_Storm.mat using Guid(92d348e1c12062b46afd1bc2eff9ec42) Importer(815301076,1909f56bfc062723c751e8b465ee728b)  -> (artifact id: '617cd79853688decbd4a6e285c485b46') in 0.040484 seconds 
========================================================================
Received Import Request.
  Time since last request: 0.000026 seconds.
  path: Assets/StylizedFantasyElementalsPack/Materials/AirElemental/M_AirElemental_Body_Storm.mat
  artifactKey: Guid(561b8f4996b8c714480f7e089deaf53c) Importer(815301076,1909f56bfc062723c751e8b465ee728b)
Start importing Assets/StylizedFantasyElementalsPack/Materials/AirElemental/M_AirElemental_Body_Storm.mat using Guid(561b8f4996b8c714480f7e089deaf53c) Importer(815301076,1909f56bfc062723c751e8b465ee728b)  -> (artifact id: '5036614d2593ae8605626179405fba82') in 0.038458 seconds 
========================================================================
Received Import Request.
  Time since last request: 0.000035 seconds.
  path: Assets/StylizedFantasyElementalsPack/Materials/AirElemental/M_AirElemental_Armor_Wind.mat
  artifactKey: Guid(295ac5b371687794c9fd981f62fd3db5) Importer(815301076,1909f56bfc062723c751e8b465ee728b)
Start importing Assets/StylizedFantasyElementalsPack/Materials/AirElemental/M_AirElemental_Armor_Wind.mat using Guid(295ac5b371687794c9fd981f62fd3db5) Importer(815301076,1909f56bfc062723c751e8b465ee728b)  -> (artifact id: '041340f3b6ae192a06655859ebaa6a8b') in 0.035158 seconds 
========================================================================
Received Import Request.
  Time since last request: 0.000026 seconds.
  path: Assets/StylizedFantasyElementalsPack/Materials/AirElemental/M_AirElemental_Body_Zephyr.mat
  artifactKey: Guid(41958d83dbc3c00409f7422873dde59e) Importer(815301076,1909f56bfc062723c751e8b465ee728b)
Start importing Assets/StylizedFantasyElementalsPack/Materials/AirElemental/M_AirElemental_Body_Zephyr.mat using Guid(41958d83dbc3c00409f7422873dde59e) Importer(815301076,1909f56bfc062723c751e8b465ee728b)  -> (artifact id: '89f62afdf6e0034ddf9fb4b0f504a4c9') in 0.034395 seconds 
========================================================================
Received Import Request.
  Time since last request: 56.667231 seconds.
  path: Packages/com.unity.render-pipelines.universal/Runtime/Data/UniversalRenderPipelineEditorResources.asset
  artifactKey: Guid(a3d8d823eedde654bb4c11a1cfaf1abb) Importer(815301076,1909f56bfc062723c751e8b465ee728b)
Start importing Packages/com.unity.render-pipelines.universal/Runtime/Data/UniversalRenderPipelineEditorResources.asset using Guid(a3d8d823eedde654bb4c11a1cfaf1abb) Importer(815301076,1909f56bfc062723c751e8b465ee728b)  -> (artifact id: 'e2a9db90941f41ee9ba84cfd3db8dd8f') in 0.021881 seconds 
Editor requested this worker to shutdown with reason: Scaling down because of idle timeout
AssetImportWorker is now disconnected from the server
Process exiting
Exiting without the bug reporter. Application will terminate with return code 0