Using pre-set license
Built from '2021.3/china_unity/release' branch; Version is '2021.3.20f1c1 (7cf0fbd73406) revision 8188155'; Using compiler version '192829333'; Build Type 'Release'
OS: 'Windows 11  (10.0.22621) 64bit CoreCountrySpecific' Language: 'zh' Physical Memory: 15613 MB
BatchMode: 1, IsHumanControllingUs: 0, StartBugReporterOnCrash: 0, Is64bit: 1, IsPro: 1

COMMAND LINE ARGUMENTS:
D:\Unity\2021.3.20f1c1\Editor\Unity.exe
-adb2
-batchMode
-noUpm
-name
AssetImportWorker3
-projectPath
D:/UnityProject/MyRogue/TheOne/The-One
-logFile
Logs/AssetImportWorker3.log
-srvPort
54707
Successfully changed project path to: D:/UnityProject/MyRogue/TheOne/The-One
D:/UnityProject/MyRogue/TheOne/The-One
[UnityMemory] Configuration Parameters - Can be set up in boot.config
    "memorysetup-bucket-allocator-granularity=16"
    "memorysetup-bucket-allocator-bucket-count=8"
    "memorysetup-bucket-allocator-block-size=33554432"
    "memorysetup-bucket-allocator-block-count=8"
    "memorysetup-main-allocator-block-size=16777216"
    "memorysetup-thread-allocator-block-size=16777216"
    "memorysetup-gfx-main-allocator-block-size=16777216"
    "memorysetup-gfx-thread-allocator-block-size=16777216"
    "memorysetup-cache-allocator-block-size=4194304"
    "memorysetup-typetree-allocator-block-size=2097152"
    "memorysetup-profiler-bucket-allocator-granularity=16"
    "memorysetup-profiler-bucket-allocator-bucket-count=8"
    "memorysetup-profiler-bucket-allocator-block-size=33554432"
    "memorysetup-profiler-bucket-allocator-block-count=8"
    "memorysetup-profiler-allocator-block-size=16777216"
    "memorysetup-profiler-editor-allocator-block-size=1048576"
    "memorysetup-temp-allocator-size-main=16777216"
    "memorysetup-job-temp-allocator-block-size=2097152"
    "memorysetup-job-temp-allocator-block-size-background=1048576"
    "memorysetup-job-temp-allocator-reduction-small-platforms=262144"
    "memorysetup-temp-allocator-size-background-worker=32768"
    "memorysetup-temp-allocator-size-job-worker=262144"
    "memorysetup-temp-allocator-size-preload-manager=33554432"
    "memorysetup-temp-allocator-size-nav-mesh-worker=65536"
    "memorysetup-temp-allocator-size-audio-worker=65536"
    "memorysetup-temp-allocator-size-cloud-worker=32768"
    "memorysetup-temp-allocator-size-gi-baking-worker=262144"
    "memorysetup-temp-allocator-size-gfx=262144"
Player connection [34616] Host "[IP] 192.168.1.102 [Port] 0 [Flags] 2 [Guid] 3150123047 [EditorId] 3150123047 [Version] 1048832 [Id] WindowsEditor(7,LAPTOP-8DM3D3MQ) [Debug] 1 [PackageName] WindowsEditor [ProjectName] Editor" joined multi-casting on [225.0.0.222:54997]...

Player connection [34616] Host "[IP] 192.168.1.102 [Port] 0 [Flags] 2 [Guid] 3150123047 [EditorId] 3150123047 [Version] 1048832 [Id] WindowsEditor(7,LAPTOP-8DM3D3MQ) [Debug] 1 [PackageName] WindowsEditor [ProjectName] Editor" joined alternative multi-casting on [225.0.0.222:34997]...

AS: AutoStreaming module initializing.
Refreshing native plugins compatible for Editor in 163.23 ms, found 3 plugins.
Preloading 0 native plugins for Editor in 0.00 ms.
Initialize engine version: 2021.3.20f1c1 (7cf0fbd73406)
[Subsystems] Discovering subsystems at path D:/Unity/2021.3.20f1c1/Editor/Data/Resources/UnitySubsystems
[Subsystems] Discovering subsystems at path D:/UnityProject/MyRogue/TheOne/The-One/Assets
GfxDevice: creating device client; threaded=0; jobified=0
Direct3D:
    Version:  Direct3D 11.0 [level 11.1]
    Renderer: NVIDIA GeForce RTX 3060 Laptop GPU (ID=0x2520)
    Vendor:   NVIDIA
    VRAM:     6010 MB
    Driver:   31.0.15.4628
Initialize mono
Mono path[0] = 'D:/Unity/2021.3.20f1c1/Editor/Data/Managed'
Mono path[1] = 'D:/Unity/2021.3.20f1c1/Editor/Data/MonoBleedingEdge/lib/mono/unityjit-win32'
Mono config path = 'D:/Unity/2021.3.20f1c1/Editor/Data/MonoBleedingEdge/etc'
Using monoOptions --debugger-agent=transport=dt_socket,embedding=1,server=y,suspend=n,address=127.0.0.1:56964
Begin MonoManager ReloadAssembly
Registering precompiled unity dll's ...
Register platform support module: D:/Unity/2021.3.20f1c1/Editor/Data/PlaybackEngines/WindowsStandaloneSupport/UnityEditor.WindowsStandalone.Extensions.dll
Registered in 0.013677 seconds.
Native extension for WindowsStandalone target not found
Refreshing native plugins compatible for Editor in 128.63 ms, found 3 plugins.
Preloading 0 native plugins for Editor in 0.00 ms.
Mono: successfully reloaded assembly
- Completed reload, in  0.732 seconds
Domain Reload Profiling:
	ReloadAssembly (732ms)
		BeginReloadAssembly (125ms)
			ExecutionOrderSort (0ms)
			DisableScriptedObjects (0ms)
			BackupInstance (0ms)
			ReleaseScriptingObjects (0ms)
			CreateAndSetChildDomain (1ms)
		EndReloadAssembly (469ms)
			LoadAssemblies (114ms)
			RebuildTransferFunctionScriptingTraits (0ms)
			SetupTypeCache (93ms)
			ReleaseScriptCaches (0ms)
			RebuildScriptCaches (22ms)
			SetupLoadedEditorAssemblies (284ms)
				LogAssemblyErrors (0ms)
				InitializePlatformSupportModulesInManaged (9ms)
				SetLoadedEditorAssemblies (0ms)
				RefreshPlugins (129ms)
				BeforeProcessingInitializeOnLoad (2ms)
				ProcessInitializeOnLoadAttributes (105ms)
				ProcessInitializeOnLoadMethodAttributes (39ms)
				AfterProcessingInitializeOnLoad (0ms)
				EditorAssembliesLoaded (0ms)
			ExecutionOrderSort2 (0ms)
			AwakeInstancesAfterBackupRestoration (0ms)
Platform modules already initialized, skipping
Registering precompiled user dll's ...
Registered in 0.046433 seconds.
Begin MonoManager ReloadAssembly
Symbol file LoadedFromMemory doesn't match image D:\UnityProject\MyRogue\TheOne\The-One\Library\PackageCache\com.unity.visualscripting@1.8.0\Editor\VisualScripting.Core\Dependencies\YamlDotNet\Unity.VisualScripting.YamlDotNet.dll
Symbol file LoadedFromMemory doesn't match image D:\UnityProject\MyRogue\TheOne\The-One\Library\PackageCache\com.unity.visualscripting@1.8.0\Editor\VisualScripting.Core\Dependencies\DotNetZip\Unity.VisualScripting.IonicZip.dll
Native extension for WindowsStandalone target not found
Refreshing native plugins compatible for Editor in 133.31 ms, found 3 plugins.
Preloading 0 native plugins for Editor in 0.00 ms.
Mono: successfully reloaded assembly
- Completed reload, in  1.826 seconds
Domain Reload Profiling:
	ReloadAssembly (1827ms)
		BeginReloadAssembly (168ms)
			ExecutionOrderSort (0ms)
			DisableScriptedObjects (5ms)
			BackupInstance (0ms)
			ReleaseScriptingObjects (0ms)
			CreateAndSetChildDomain (21ms)
		EndReloadAssembly (1499ms)
			LoadAssemblies (183ms)
			RebuildTransferFunctionScriptingTraits (0ms)
			SetupTypeCache (267ms)
			ReleaseScriptCaches (1ms)
			RebuildScriptCaches (62ms)
			SetupLoadedEditorAssemblies (965ms)
				LogAssemblyErrors (0ms)
				InitializePlatformSupportModulesInManaged (7ms)
				SetLoadedEditorAssemblies (0ms)
				RefreshPlugins (133ms)
				BeforeProcessingInitializeOnLoad (158ms)
				ProcessInitializeOnLoadAttributes (576ms)
				ProcessInitializeOnLoadMethodAttributes (59ms)
				AfterProcessingInitializeOnLoad (31ms)
				EditorAssembliesLoaded (0ms)
			ExecutionOrderSort2 (0ms)
			AwakeInstancesAfterBackupRestoration (7ms)
Platform modules already initialized, skipping
========================================================================
Worker process is ready to serve import requests
Launched and connected shader compiler UnityShaderCompiler.exe after 0.06 seconds
Refreshing native plugins compatible for Editor in 3.12 ms, found 3 plugins.
Preloading 0 native plugins for Editor in 0.00 ms.
Unloading 5735 Unused Serialized files (Serialized files now loaded: 0)
Unloading 59 unused Assets / (501.1 KB). Loaded Objects now: 6206.
Memory consumption went from 247.6 MB to 247.2 MB.
Total: 4.453000 ms (FindLiveObjects: 0.461800 ms CreateObjectMapping: 0.204000 ms MarkObjects: 3.522100 ms  DeleteObjects: 0.263700 ms)

AssetImportParameters requested are different than current active one (requested -> active):
  custom:video-decoder-ogg-theora: a1e56fd34408186e4bbccfd4996cb3dc -> 
  custom:container-muxer-webm: aa71ff27fc2769a1b78a27578f13a17b -> 
  custom:container-demuxer-webm: 4f35f7cbe854078d1ac9338744f61a02 -> 
  custom:video-encoder-webm-vp8: eb34c28f22e8b96e1ab97ce403110664 -> 
  custom:video-codec-MediaFoundation-h265: 746d11721c4dcdbdad8f713fa42b33f4 -> 
  custom:audio-encoder-webm-vorbis: bf7c407c2cedff20999df2af8eb42d56 -> 
  custom:framework-win-MediaFoundation: 216162199b28c13a410421893ffa2e32 -> 
  custom:container-demuxer-ogg: 62fdf1f143b41e24485cea50d1cbac27 -> 
  custom:video-decoder-webm-vp8: 9c59270c3fd7afecdb556c50c9e8de78 -> 
  custom:audio-decoder-ogg-vorbis: bf7c407c2cedff20999df2af8eb42d56 -> 
========================================================================
Received Import Request.
  Time since last request: 125647.060437 seconds.
  path: Assets/GUIPack-Clean&Minimalist/Sprites/Icons-HighResolution/Icons/Icons-White_PNG/Zombie-Icon.png
  artifactKey: Guid(e33e9b797925b4de38a973f912c2be89) Importer(815301076,1909f56bfc062723c751e8b465ee728b)
Start importing Assets/GUIPack-Clean&Minimalist/Sprites/Icons-HighResolution/Icons/Icons-White_PNG/Zombie-Icon.png using Guid(e33e9b797925b4de38a973f912c2be89) Importer(815301076,1909f56bfc062723c751e8b465ee728b)  -> (artifact id: '2ea64d028a6d8d0d753f243c3e8344d1') in 0.156513 seconds 
========================================================================
Received Import Request.
  Time since last request: 0.546183 seconds.
  path: Assets/GUIPack-Clean&Minimalist/Sprites/Buttons/Circles/Outline/PNG/Yellow-Circle-Outline.png
  artifactKey: Guid(b8bcc5984e40e4a20ac522e001513929) Importer(815301076,1909f56bfc062723c751e8b465ee728b)
Start importing Assets/GUIPack-Clean&Minimalist/Sprites/Buttons/Circles/Outline/PNG/Yellow-Circle-Outline.png using Guid(b8bcc5984e40e4a20ac522e001513929) Importer(815301076,1909f56bfc062723c751e8b465ee728b)  -> (artifact id: '8a8d42000d60b8564ca5951f3d35bfe6') in 0.066466 seconds 
========================================================================
Received Import Request.
  Time since last request: 3.099535 seconds.
  path: Assets/GUIPack-Clean&Minimalist/Sprites/Buttons/Rounded/Outline/PNG/Yellow-Button-Rounded-Outline.png
  artifactKey: Guid(83ed61302862b465a8ae7a458f086ba0) Importer(815301076,1909f56bfc062723c751e8b465ee728b)
Start importing Assets/GUIPack-Clean&Minimalist/Sprites/Buttons/Rounded/Outline/PNG/Yellow-Button-Rounded-Outline.png using Guid(83ed61302862b465a8ae7a458f086ba0) Importer(815301076,1909f56bfc062723c751e8b465ee728b)  -> (artifact id: '9ecbe0f8e2b153cc1b3b12f1910ff13a') in 0.050417 seconds 
========================================================================
Received Import Request.
  Time since last request: 0.388110 seconds.
  path: Assets/GUIPack-Clean&Minimalist/Sprites/Buttons/Basic/Outline/PNG/Yellow-Button-Outline.png
  artifactKey: Guid(44de2d067d2cf4de185eb7477355cf30) Importer(815301076,1909f56bfc062723c751e8b465ee728b)
Start importing Assets/GUIPack-Clean&Minimalist/Sprites/Buttons/Basic/Outline/PNG/Yellow-Button-Outline.png using Guid(44de2d067d2cf4de185eb7477355cf30) Importer(815301076,1909f56bfc062723c751e8b465ee728b)  -> (artifact id: '8ff51c33724a7df891a4adfa326a6c12') in 0.038629 seconds 
========================================================================
Received Import Request.
  Time since last request: 5.123253 seconds.
  path: Assets/GUIPack-Clean&Minimalist/Sprites/Icons-HighResolution/GameController/Steam/White_PSD/Y-Button-Yellow-White.psd
  artifactKey: Guid(a2a3a8d8cd71d45159a9aa486faa77d1) Importer(815301076,1909f56bfc062723c751e8b465ee728b)
Start importing Assets/GUIPack-Clean&Minimalist/Sprites/Icons-HighResolution/GameController/Steam/White_PSD/Y-Button-Yellow-White.psd using Guid(a2a3a8d8cd71d45159a9aa486faa77d1) Importer(815301076,1909f56bfc062723c751e8b465ee728b)  -> (artifact id: 'ce263489d688f0932b5e5d49a44e43af') in 0.042994 seconds 
========================================================================
Received Import Request.
  Time since last request: 0.000026 seconds.
  path: Assets/GUIPack-Clean&Minimalist/Sprites/Icons-HighResolution/GameController/Steam/Dark_PSD/Y-Button-Yellow.psd
  artifactKey: Guid(e40ef8462edf34559ba5148031fd8be6) Importer(815301076,1909f56bfc062723c751e8b465ee728b)
Start importing Assets/GUIPack-Clean&Minimalist/Sprites/Icons-HighResolution/GameController/Steam/Dark_PSD/Y-Button-Yellow.psd using Guid(e40ef8462edf34559ba5148031fd8be6) Importer(815301076,1909f56bfc062723c751e8b465ee728b)  -> (artifact id: 'd2113fe8069f23938f46c5187f5ec510') in 0.036594 seconds 
========================================================================
Received Import Request.
  Time since last request: 0.244055 seconds.
  path: Assets/GUIPack-Clean&Minimalist/Sprites/Icons-HighResolution/GameController/PC/White_PSD/Y-Button-White.psd
  artifactKey: Guid(e4467991d29554d6bb1bbef55c38295f) Importer(815301076,1909f56bfc062723c751e8b465ee728b)
Start importing Assets/GUIPack-Clean&Minimalist/Sprites/Icons-HighResolution/GameController/PC/White_PSD/Y-Button-White.psd using Guid(e4467991d29554d6bb1bbef55c38295f) Importer(815301076,1909f56bfc062723c751e8b465ee728b)  -> (artifact id: 'a392d0912234b8443876514db61e2c72') in 0.033014 seconds 
========================================================================
Received Import Request.
  Time since last request: 0.033275 seconds.
  path: Assets/GUIPack-Clean&Minimalist/Sprites/Icons-HighResolution/GameController/XBoxOne/Dark_PNG/Y-Button-Dark.png
  artifactKey: Guid(98c7971f96acc491592c55b97d5c7e67) Importer(815301076,1909f56bfc062723c751e8b465ee728b)
Start importing Assets/GUIPack-Clean&Minimalist/Sprites/Icons-HighResolution/GameController/XBoxOne/Dark_PNG/Y-Button-Dark.png using Guid(98c7971f96acc491592c55b97d5c7e67) Importer(815301076,1909f56bfc062723c751e8b465ee728b)  -> (artifact id: 'a81e650ea8ed6e5ec1d545b1bd3acebf') in 0.036417 seconds 
========================================================================
Received Import Request.
  Time since last request: 0.293190 seconds.
  path: Assets/GUIPack-Clean&Minimalist/Sprites/Icons-HighResolution/GameController/XBoxOne/White_PNG/Y-Button-Blue.png
  artifactKey: Guid(777ec9923c03940bb9e7329ba194985e) Importer(815301076,1909f56bfc062723c751e8b465ee728b)
Start importing Assets/GUIPack-Clean&Minimalist/Sprites/Icons-HighResolution/GameController/XBoxOne/White_PNG/Y-Button-Blue.png using Guid(777ec9923c03940bb9e7329ba194985e) Importer(815301076,1909f56bfc062723c751e8b465ee728b)  -> (artifact id: 'b8533465cff871afb7952d8fe091e7ab') in 0.033873 seconds 
========================================================================
Received Import Request.
  Time since last request: 0.000027 seconds.
  path: Assets/GUIPack-Clean&Minimalist/Sprites/Icons-HighResolution/GameController/XBoxOne/White_PSD/XBox-Filled-Icon-White.psd
  artifactKey: Guid(16f779102e02e497a8394f16ba92ef73) Importer(815301076,1909f56bfc062723c751e8b465ee728b)
Start importing Assets/GUIPack-Clean&Minimalist/Sprites/Icons-HighResolution/GameController/XBoxOne/White_PSD/XBox-Filled-Icon-White.psd using Guid(16f779102e02e497a8394f16ba92ef73) Importer(815301076,1909f56bfc062723c751e8b465ee728b)  -> (artifact id: 'fa2b56377a3d30cede9a6cae47dbb0ae') in 0.061432 seconds 
========================================================================
Received Import Request.
  Time since last request: 0.270389 seconds.
  path: Assets/GUIPack-Clean&Minimalist/Sprites/Icons-HighResolution/GameController/XBoxOne/Dark_PSD/XBox-Filled-Icon-Dark.psd
  artifactKey: Guid(508f5a74e645241e9a8a748d0a60d226) Importer(815301076,1909f56bfc062723c751e8b465ee728b)
Start importing Assets/GUIPack-Clean&Minimalist/Sprites/Icons-HighResolution/GameController/XBoxOne/Dark_PSD/XBox-Filled-Icon-Dark.psd using Guid(508f5a74e645241e9a8a748d0a60d226) Importer(815301076,1909f56bfc062723c751e8b465ee728b)  -> (artifact id: 'b77a77a2e3fed512894d6ce458c1466e') in 0.066132 seconds 
========================================================================
Received Import Request.
  Time since last request: 0.041143 seconds.
  path: Assets/GUIPack-Clean&Minimalist/Sprites/Icons-HighResolution/Icons/Icons-White_PNG/X-Fail-Icon.png
  artifactKey: Guid(e83ddfeb2c7df456faa866181a5c9cea) Importer(815301076,1909f56bfc062723c751e8b465ee728b)
Start importing Assets/GUIPack-Clean&Minimalist/Sprites/Icons-HighResolution/Icons/Icons-White_PNG/X-Fail-Icon.png using Guid(e83ddfeb2c7df456faa866181a5c9cea) Importer(815301076,1909f56bfc062723c751e8b465ee728b)  -> (artifact id: '441f2eb6c341a893ac279b5f896dc77e') in 0.041676 seconds 
========================================================================
Received Import Request.
  Time since last request: 0.262839 seconds.
  path: Assets/GUIPack-Clean&Minimalist/Sprites/Icons-HighResolution/Smileys/Smileys_PNG/X-Eyes-Smiley.png
  artifactKey: Guid(79bddb706d4d74bd883e4d891d69ff3d) Importer(815301076,1909f56bfc062723c751e8b465ee728b)
Start importing Assets/GUIPack-Clean&Minimalist/Sprites/Icons-HighResolution/Smileys/Smileys_PNG/X-Eyes-Smiley.png using Guid(79bddb706d4d74bd883e4d891d69ff3d) Importer(815301076,1909f56bfc062723c751e8b465ee728b)  -> (artifact id: '47618c32dcd569364f5ce9f580bb95cc') in 0.072571 seconds 
========================================================================
Received Import Request.
  Time since last request: 0.000030 seconds.
  path: Assets/GUIPack-Clean&Minimalist/Sprites/Icons-HighResolution/GameController/XBoxOne/White_PSD/X-Button-Red.psd
  artifactKey: Guid(d2706f989bbe44aafb3f75080a4cb5d2) Importer(815301076,1909f56bfc062723c751e8b465ee728b)
Start importing Assets/GUIPack-Clean&Minimalist/Sprites/Icons-HighResolution/GameController/XBoxOne/White_PSD/X-Button-Red.psd using Guid(d2706f989bbe44aafb3f75080a4cb5d2) Importer(815301076,1909f56bfc062723c751e8b465ee728b)  -> (artifact id: '3820145fa3f31777407098a29333da5d') in 0.037146 seconds 
========================================================================
Received Import Request.
  Time since last request: 0.343931 seconds.
  path: Assets/GUIPack-Clean&Minimalist/Sprites/Icons-HighResolution/GameController/XBoxOne/White_PNG/X-Button-Red.png
  artifactKey: Guid(9259653a540a94812b5341595085b48b) Importer(815301076,1909f56bfc062723c751e8b465ee728b)
Start importing Assets/GUIPack-Clean&Minimalist/Sprites/Icons-HighResolution/GameController/XBoxOne/White_PNG/X-Button-Red.png using Guid(9259653a540a94812b5341595085b48b) Importer(815301076,1909f56bfc062723c751e8b465ee728b)  -> (artifact id: 'd01ecc13d97a333ee939ce5bb630d8cd') in 0.031906 seconds 
========================================================================
Received Import Request.
  Time since last request: 0.282909 seconds.
  path: Assets/GUIPack-Clean&Minimalist/Sprites/Icons-HighResolution/GameController/XBoxOne/Dark_PNG/X-Button-Dark.png
  artifactKey: Guid(f5cd4c67a9ff14362b960e045d76244b) Importer(815301076,1909f56bfc062723c751e8b465ee728b)
Start importing Assets/GUIPack-Clean&Minimalist/Sprites/Icons-HighResolution/GameController/XBoxOne/Dark_PNG/X-Button-Dark.png using Guid(f5cd4c67a9ff14362b960e045d76244b) Importer(815301076,1909f56bfc062723c751e8b465ee728b)  -> (artifact id: '3df0b96fb190482ea04a1fd9a2cead2e') in 0.035054 seconds 
========================================================================
Received Import Request.
  Time since last request: 0.000030 seconds.
  path: Assets/GUIPack-Clean&Minimalist/Sprites/Icons-Demo-Small/Chat-Popup/Writing-Icon-Small.png
  artifactKey: Guid(865dbad6946554cdd9b326ea65af4718) Importer(815301076,1909f56bfc062723c751e8b465ee728b)
Start importing Assets/GUIPack-Clean&Minimalist/Sprites/Icons-Demo-Small/Chat-Popup/Writing-Icon-Small.png using Guid(865dbad6946554cdd9b326ea65af4718) Importer(815301076,1909f56bfc062723c751e8b465ee728b)  -> (artifact id: '1a2692541b381cb616af5d699bf0ab75') in 0.043141 seconds 
========================================================================
Received Import Request.
  Time since last request: 0.364221 seconds.
  path: Assets/GUIPack-Clean&Minimalist/Sprites/Icons-HighResolution/Icons/Icons-White_PNG/World-Icon.png
  artifactKey: Guid(a93225cb4df1d4575abf44f07f05bd93) Importer(815301076,1909f56bfc062723c751e8b465ee728b)
Start importing Assets/GUIPack-Clean&Minimalist/Sprites/Icons-HighResolution/Icons/Icons-White_PNG/World-Icon.png using Guid(a93225cb4df1d4575abf44f07f05bd93) Importer(815301076,1909f56bfc062723c751e8b465ee728b)  -> (artifact id: '402ad1a24963e53fb0268a9cbbb9fba8') in 0.036624 seconds 
========================================================================
Received Import Request.
  Time since last request: 0.052352 seconds.
  path: Assets/GUIPack-Clean&Minimalist/Sprites/Icons-HighResolution/Icons/Icons-White_PSD/Witch-Hat-Icon.psd
  artifactKey: Guid(2646c7a92af674b68b54eec04fb68cc2) Importer(815301076,1909f56bfc062723c751e8b465ee728b)
Start importing Assets/GUIPack-Clean&Minimalist/Sprites/Icons-HighResolution/Icons/Icons-White_PSD/Witch-Hat-Icon.psd using Guid(2646c7a92af674b68b54eec04fb68cc2) Importer(815301076,1909f56bfc062723c751e8b465ee728b)  -> (artifact id: 'c770f8c3d19db594e4d11f534046017f') in 0.042478 seconds 
========================================================================
Received Import Request.
  Time since last request: 0.251482 seconds.
  path: Assets/GUIPack-Clean&Minimalist/Sprites/Icons-HighResolution/Smileys-Outline/Smileys-Outline_PSD/Wink-Smiley-Outline.psd
  artifactKey: Guid(2ef7915b5d94c4caeafcb62b1106afce) Importer(815301076,1909f56bfc062723c751e8b465ee728b)
Start importing Assets/GUIPack-Clean&Minimalist/Sprites/Icons-HighResolution/Smileys-Outline/Smileys-Outline_PSD/Wink-Smiley-Outline.psd using Guid(2ef7915b5d94c4caeafcb62b1106afce) Importer(815301076,1909f56bfc062723c751e8b465ee728b)  -> (artifact id: '56ad3baa59c183f5f870db098bbb8a02') in 0.062862 seconds 
========================================================================
Received Import Request.
  Time since last request: 0.365809 seconds.
  path: Assets/GUIPack-Clean&Minimalist/Sprites/Icons-Demo-Small/InventoryPopup/Wing-Icon-Small.png
  artifactKey: Guid(02825c78740d34d7cb8de2145b395d3f) Importer(815301076,1909f56bfc062723c751e8b465ee728b)
Start importing Assets/GUIPack-Clean&Minimalist/Sprites/Icons-Demo-Small/InventoryPopup/Wing-Icon-Small.png using Guid(02825c78740d34d7cb8de2145b395d3f) Importer(815301076,1909f56bfc062723c751e8b465ee728b)  -> (artifact id: '00c1412a3ee64aa8cf29d8ea40a9f38e') in 0.030928 seconds 
Editor requested this worker to shutdown with reason: Scaling down because of idle timeout
AssetImportWorker is now disconnected from the server
Process exiting
Exiting without the bug reporter. Application will terminate with return code 0