Using pre-set license
Built from '2021.3/china_unity/release' branch; Version is '2021.3.20f1c1 (7cf0fbd73406) revision 8188155'; Using compiler version '192829333'; Build Type 'Release'
OS: 'Windows 11  (10.0.22621) 64bit CoreCountrySpecific' Language: 'zh' Physical Memory: 15613 MB
BatchMode: 1, IsHumanControllingUs: 0, StartBugReporterOnCrash: 0, Is64bit: 1, IsPro: 1

COMMAND LINE ARGUMENTS:
D:\Unity\2021.3.20f1c1\Editor\Unity.exe
-adb2
-batchMode
-noUpm
-name
AssetImportWorker5
-projectPath
D:/UnityProject/MyRogue/TheOne/The-One
-logFile
Logs/AssetImportWorker5.log
-srvPort
50338
Successfully changed project path to: D:/UnityProject/MyRogue/TheOne/The-One
D:/UnityProject/MyRogue/TheOne/The-One
[UnityMemory] Configuration Parameters - Can be set up in boot.config
    "memorysetup-bucket-allocator-granularity=16"
    "memorysetup-bucket-allocator-bucket-count=8"
    "memorysetup-bucket-allocator-block-size=33554432"
    "memorysetup-bucket-allocator-block-count=8"
    "memorysetup-main-allocator-block-size=16777216"
    "memorysetup-thread-allocator-block-size=16777216"
    "memorysetup-gfx-main-allocator-block-size=16777216"
    "memorysetup-gfx-thread-allocator-block-size=16777216"
    "memorysetup-cache-allocator-block-size=4194304"
    "memorysetup-typetree-allocator-block-size=2097152"
    "memorysetup-profiler-bucket-allocator-granularity=16"
    "memorysetup-profiler-bucket-allocator-bucket-count=8"
    "memorysetup-profiler-bucket-allocator-block-size=33554432"
    "memorysetup-profiler-bucket-allocator-block-count=8"
    "memorysetup-profiler-allocator-block-size=16777216"
    "memorysetup-profiler-editor-allocator-block-size=1048576"
    "memorysetup-temp-allocator-size-main=16777216"
    "memorysetup-job-temp-allocator-block-size=2097152"
    "memorysetup-job-temp-allocator-block-size-background=1048576"
    "memorysetup-job-temp-allocator-reduction-small-platforms=262144"
    "memorysetup-temp-allocator-size-background-worker=32768"
    "memorysetup-temp-allocator-size-job-worker=262144"
    "memorysetup-temp-allocator-size-preload-manager=33554432"
    "memorysetup-temp-allocator-size-nav-mesh-worker=65536"
    "memorysetup-temp-allocator-size-audio-worker=65536"
    "memorysetup-temp-allocator-size-cloud-worker=32768"
    "memorysetup-temp-allocator-size-gi-baking-worker=262144"
    "memorysetup-temp-allocator-size-gfx=262144"
Player connection [36956] Host "[IP] 192.168.1.102 [Port] 0 [Flags] 2 [Guid] 2736484654 [EditorId] 2736484654 [Version] 1048832 [Id] WindowsEditor(7,LAPTOP-8DM3D3MQ) [Debug] 1 [PackageName] WindowsEditor [ProjectName] Editor" joined multi-casting on [225.0.0.222:54997]...

Player connection [36956] Host "[IP] 192.168.1.102 [Port] 0 [Flags] 2 [Guid] 2736484654 [EditorId] 2736484654 [Version] 1048832 [Id] WindowsEditor(7,LAPTOP-8DM3D3MQ) [Debug] 1 [PackageName] WindowsEditor [ProjectName] Editor" joined alternative multi-casting on [225.0.0.222:34997]...

AS: AutoStreaming module initializing.
Refreshing native plugins compatible for Editor in 160.11 ms, found 3 plugins.
Preloading 0 native plugins for Editor in 0.00 ms.
Initialize engine version: 2021.3.20f1c1 (7cf0fbd73406)
[Subsystems] Discovering subsystems at path D:/Unity/2021.3.20f1c1/Editor/Data/Resources/UnitySubsystems
[Subsystems] Discovering subsystems at path D:/UnityProject/MyRogue/TheOne/The-One/Assets
GfxDevice: creating device client; threaded=0; jobified=0
Direct3D:
    Version:  Direct3D 11.0 [level 11.1]
    Renderer: NVIDIA GeForce RTX 3060 Laptop GPU (ID=0x2520)
    Vendor:   NVIDIA
    VRAM:     6010 MB
    Driver:   31.0.15.4628
Initialize mono
Mono path[0] = 'D:/Unity/2021.3.20f1c1/Editor/Data/Managed'
Mono path[1] = 'D:/Unity/2021.3.20f1c1/Editor/Data/MonoBleedingEdge/lib/mono/unityjit-win32'
Mono config path = 'D:/Unity/2021.3.20f1c1/Editor/Data/MonoBleedingEdge/etc'
Using monoOptions --debugger-agent=transport=dt_socket,embedding=1,server=y,suspend=n,address=127.0.0.1:56980
Begin MonoManager ReloadAssembly
Registering precompiled unity dll's ...
Register platform support module: D:/Unity/2021.3.20f1c1/Editor/Data/PlaybackEngines/WindowsStandaloneSupport/UnityEditor.WindowsStandalone.Extensions.dll
Registered in 0.014496 seconds.
Native extension for WindowsStandalone target not found
Refreshing native plugins compatible for Editor in 184.72 ms, found 3 plugins.
Preloading 0 native plugins for Editor in 0.00 ms.
Mono: successfully reloaded assembly
- Completed reload, in  0.826 seconds
Domain Reload Profiling:
	ReloadAssembly (827ms)
		BeginReloadAssembly (126ms)
			ExecutionOrderSort (0ms)
			DisableScriptedObjects (0ms)
			BackupInstance (0ms)
			ReleaseScriptingObjects (0ms)
			CreateAndSetChildDomain (1ms)
		EndReloadAssembly (553ms)
			LoadAssemblies (113ms)
			RebuildTransferFunctionScriptingTraits (0ms)
			SetupTypeCache (84ms)
			ReleaseScriptCaches (0ms)
			RebuildScriptCaches (29ms)
			SetupLoadedEditorAssemblies (349ms)
				LogAssemblyErrors (0ms)
				InitializePlatformSupportModulesInManaged (12ms)
				SetLoadedEditorAssemblies (0ms)
				RefreshPlugins (185ms)
				BeforeProcessingInitializeOnLoad (1ms)
				ProcessInitializeOnLoadAttributes (106ms)
				ProcessInitializeOnLoadMethodAttributes (45ms)
				AfterProcessingInitializeOnLoad (0ms)
				EditorAssembliesLoaded (0ms)
			ExecutionOrderSort2 (0ms)
			AwakeInstancesAfterBackupRestoration (0ms)
Platform modules already initialized, skipping
Registering precompiled user dll's ...
Registered in 0.053137 seconds.
Begin MonoManager ReloadAssembly
Symbol file LoadedFromMemory doesn't match image D:\UnityProject\MyRogue\TheOne\The-One\Library\PackageCache\com.unity.visualscripting@1.8.0\Editor\VisualScripting.Core\Dependencies\YamlDotNet\Unity.VisualScripting.YamlDotNet.dll
Symbol file LoadedFromMemory doesn't match image D:\UnityProject\MyRogue\TheOne\The-One\Library\PackageCache\com.unity.visualscripting@1.8.0\Editor\VisualScripting.Core\Dependencies\DotNetZip\Unity.VisualScripting.IonicZip.dll
Native extension for WindowsStandalone target not found
Refreshing native plugins compatible for Editor in 133.20 ms, found 3 plugins.
Preloading 0 native plugins for Editor in 0.00 ms.
Mono: successfully reloaded assembly
- Completed reload, in  7.024 seconds
Domain Reload Profiling:
	ReloadAssembly (7025ms)
		BeginReloadAssembly (216ms)
			ExecutionOrderSort (0ms)
			DisableScriptedObjects (5ms)
			BackupInstance (0ms)
			ReleaseScriptingObjects (0ms)
			CreateAndSetChildDomain (21ms)
		EndReloadAssembly (2524ms)
			LoadAssemblies (578ms)
			RebuildTransferFunctionScriptingTraits (0ms)
			SetupTypeCache (716ms)
			ReleaseScriptCaches (1ms)
			RebuildScriptCaches (63ms)
			SetupLoadedEditorAssemblies (1145ms)
				LogAssemblyErrors (0ms)
				InitializePlatformSupportModulesInManaged (7ms)
				SetLoadedEditorAssemblies (0ms)
				RefreshPlugins (133ms)
				BeforeProcessingInitializeOnLoad (181ms)
				ProcessInitializeOnLoadAttributes (720ms)
				ProcessInitializeOnLoadMethodAttributes (56ms)
				AfterProcessingInitializeOnLoad (48ms)
				EditorAssembliesLoaded (0ms)
			ExecutionOrderSort2 (0ms)
			AwakeInstancesAfterBackupRestoration (8ms)
Platform modules already initialized, skipping
========================================================================
Worker process is ready to serve import requests
Launched and connected shader compiler UnityShaderCompiler.exe after 0.11 seconds
Refreshing native plugins compatible for Editor in 1.99 ms, found 3 plugins.
Preloading 0 native plugins for Editor in 0.00 ms.
Unloading 5735 Unused Serialized files (Serialized files now loaded: 0)
Unloading 59 unused Assets / (501.1 KB). Loaded Objects now: 6206.
Memory consumption went from 247.6 MB to 247.2 MB.
Total: 4.644600 ms (FindLiveObjects: 0.624300 ms CreateObjectMapping: 0.340000 ms MarkObjects: 3.383900 ms  DeleteObjects: 0.294800 ms)

AssetImportParameters requested are different than current active one (requested -> active):
  custom:video-decoder-ogg-theora: a1e56fd34408186e4bbccfd4996cb3dc -> 
  custom:container-muxer-webm: aa71ff27fc2769a1b78a27578f13a17b -> 
  custom:container-demuxer-webm: 4f35f7cbe854078d1ac9338744f61a02 -> 
  custom:video-encoder-webm-vp8: eb34c28f22e8b96e1ab97ce403110664 -> 
  custom:video-codec-MediaFoundation-h265: 746d11721c4dcdbdad8f713fa42b33f4 -> 
  custom:audio-encoder-webm-vorbis: bf7c407c2cedff20999df2af8eb42d56 -> 
  custom:framework-win-MediaFoundation: 216162199b28c13a410421893ffa2e32 -> 
  custom:container-demuxer-ogg: 62fdf1f143b41e24485cea50d1cbac27 -> 
  custom:video-decoder-webm-vp8: 9c59270c3fd7afecdb556c50c9e8de78 -> 
  custom:audio-decoder-ogg-vorbis: bf7c407c2cedff20999df2af8eb42d56 -> 
========================================================================
Received Import Request.
  Time since last request: 178386.260905 seconds.
  path: Assets/StylizedFantasyElementalsPack/URP/UniversalRenderPipelineAsset_Renderer.asset
  artifactKey: Guid(782c9b27ad65bc842abebbbd2ab0b54d) Importer(815301076,1909f56bfc062723c751e8b465ee728b)
Start importing Assets/StylizedFantasyElementalsPack/URP/UniversalRenderPipelineAsset_Renderer.asset using Guid(782c9b27ad65bc842abebbbd2ab0b54d) Importer(815301076,1909f56bfc062723c751e8b465ee728b)  -> (artifact id: 'c9046c3971ef3cc276b019c9dabf75c0') in 0.089519 seconds 
========================================================================
Received Import Request.
  Time since last request: 0.000043 seconds.
  path: Assets/GUIPack-Clean&Minimalist/Sprites/Buttons/Basic/Outline/PSD/Purple-Button-Outline.psd
  artifactKey: Guid(b22648eab00b84a7aabe2dabab1a6c52) Importer(815301076,1909f56bfc062723c751e8b465ee728b)
Start importing Assets/GUIPack-Clean&Minimalist/Sprites/Buttons/Basic/Outline/PSD/Purple-Button-Outline.psd using Guid(b22648eab00b84a7aabe2dabab1a6c52) Importer(815301076,1909f56bfc062723c751e8b465ee728b)  -> (artifact id: '2fc0c1a09d1cdffe296eeca8692f8772') in 0.104137 seconds 
========================================================================
Received Import Request.
  Time since last request: 0.000029 seconds.
  path: Assets/GUIPack-Clean&Minimalist/Sprites/Buttons/Basic/Filled/PNG/Purple-Button.png
  artifactKey: Guid(a2c7edc12d4ba40018bda504b39d0d68) Importer(815301076,1909f56bfc062723c751e8b465ee728b)
Start importing Assets/GUIPack-Clean&Minimalist/Sprites/Buttons/Basic/Filled/PNG/Purple-Button.png using Guid(a2c7edc12d4ba40018bda504b39d0d68) Importer(815301076,1909f56bfc062723c751e8b465ee728b)  -> (artifact id: '52efd51bdd568f34378474b73bca51ca') in 0.033710 seconds 
========================================================================
Received Import Request.
  Time since last request: 0.000034 seconds.
  path: Assets/GUIPack-Clean&Minimalist/Sprites/Buttons/Rounded/Filled/PSD/Purple-Button-Rounded.psd
  artifactKey: Guid(b5dc062ccb2284db99b34486ecd8592a) Importer(815301076,1909f56bfc062723c751e8b465ee728b)
Start importing Assets/GUIPack-Clean&Minimalist/Sprites/Buttons/Rounded/Filled/PSD/Purple-Button-Rounded.psd using Guid(b5dc062ccb2284db99b34486ecd8592a) Importer(815301076,1909f56bfc062723c751e8b465ee728b)  -> (artifact id: 'cb8f9b954be700563065e6e414a94b21') in 0.038309 seconds 
========================================================================
Received Import Request.
  Time since last request: 0.000027 seconds.
  path: Assets/GUIPack-Clean&Minimalist/Sprites/Buttons/Basic/Outline/PNG/Purple-Button-Outline.png
  artifactKey: Guid(6e05885038ddd4382ab10a8245891a1a) Importer(815301076,1909f56bfc062723c751e8b465ee728b)
Start importing Assets/GUIPack-Clean&Minimalist/Sprites/Buttons/Basic/Outline/PNG/Purple-Button-Outline.png using Guid(6e05885038ddd4382ab10a8245891a1a) Importer(815301076,1909f56bfc062723c751e8b465ee728b)  -> (artifact id: '0bb8db7f8ed0d98e8ab6b25c62765985') in 0.030249 seconds 
========================================================================
Received Import Request.
  Time since last request: 0.000039 seconds.
  path: Assets/Temps/URP
  artifactKey: Guid(edc753ec3041a6540affcaf767935399) Importer(815301076,1909f56bfc062723c751e8b465ee728b)
Start importing Assets/Temps/URP using Guid(edc753ec3041a6540affcaf767935399) Importer(815301076,1909f56bfc062723c751e8b465ee728b)  -> (artifact id: 'c1e2ed060d6b423887f0c79135ceac52') in 0.019827 seconds 
========================================================================
Received Import Request.
  Time since last request: 0.000051 seconds.
  path: Assets/GUIPack-Clean&Minimalist/Sprites/Buttons/Basic/Filled/PNG/Blue-Button.png
  artifactKey: Guid(ff6b0160cc285433ea3e5564acb928f6) Importer(815301076,1909f56bfc062723c751e8b465ee728b)
Start importing Assets/GUIPack-Clean&Minimalist/Sprites/Buttons/Basic/Filled/PNG/Blue-Button.png using Guid(ff6b0160cc285433ea3e5564acb928f6) Importer(815301076,1909f56bfc062723c751e8b465ee728b)  -> (artifact id: 'fd996c1ea15b4b5eca7379f04ebc37e8') in 0.036196 seconds 
========================================================================
Received Import Request.
  Time since last request: 0.000029 seconds.
  path: Assets/StylizedFantasyElementalsPack/URP
  artifactKey: Guid(9398c0faaef6daf4abc819367af19cfa) Importer(815301076,1909f56bfc062723c751e8b465ee728b)
Start importing Assets/StylizedFantasyElementalsPack/URP using Guid(9398c0faaef6daf4abc819367af19cfa) Importer(815301076,1909f56bfc062723c751e8b465ee728b)  -> (artifact id: 'c565b4235dda3f2a5412808c325f28ad') in 0.007890 seconds 
========================================================================
Received Import Request.
  Time since last request: 0.000029 seconds.
  path: Assets/GUIPack-Clean&Minimalist/Sprites/Buttons/Rounded/Filled/PNG/Blue-Button-Rounded.png
  artifactKey: Guid(d897589cad7b94cc29cc3825eba0972d) Importer(815301076,1909f56bfc062723c751e8b465ee728b)
Start importing Assets/GUIPack-Clean&Minimalist/Sprites/Buttons/Rounded/Filled/PNG/Blue-Button-Rounded.png using Guid(d897589cad7b94cc29cc3825eba0972d) Importer(815301076,1909f56bfc062723c751e8b465ee728b)  -> (artifact id: '11f30d38e994af3de22088c258431a31') in 0.029115 seconds 
Editor requested this worker to shutdown with reason: Scaling down because of idle timeout
AssetImportWorker is now disconnected from the server
Process exiting
Exiting without the bug reporter. Application will terminate with return code 0